make all --print-data-base --no-builtin-variables --no-builtin-rules --question
# GNU Make 3.81
# Copyright (C) 2006  Free Software Foundation, Inc.
# This is free software; see the source for copying conditions.
# There is NO warranty; not even for MERCHANTABILITY or FITNESS FOR A
# PARTICULAR PURPOSE.

# This program built for i386-apple-darwin11.3.0
 

# Make data base, printed on Sat Aug 31 19:24:02 2024

# Variables

# automatic
<D = $(patsubst %/,%,$(dir $<))
# automatic
?F = $(notdir $?)
# environment
VSCODE_CRASH_REPORTER_PROCESS_TYPE = extensionHost
# environment
LC_CTYPE = UTF-8
# automatic
?D = $(patsubst %/,%,$(dir $?))
# automatic
@D = $(patsubst %/,%,$(dir $@))
# automatic
 
@F = $(notdir $@)
# makefile
CURDIR := /Users/tigpetro/Desktop/42cursus/minishell
# makefile
SHELL = /bin/sh
# environment
VSCODE_NLS_CONFIG = {"locale":"en-us","osLocale":"en","availableLanguages":{},"_languagePackSupport":true}
# environment
_ = /usr/bin/make
# makefile (from `Makefile', line 18)
CFLAGS = -g -Wall -Wextra -Werror $(foreach H, $(INCLPATH), -I$(H))
# makefile (from `Makefile', line 32)
AS_TREE = $(AS_TREEPATH)as_tree.a
# makefile (from `Makefile', line 31)
BS_TREE = $(BS_TREEPATH)bs_tree.a
# makefile (from `Makefile', line 1)
MAKEFILE_LIST :=  Makefile
# makefile (from `Makefile', line 10)
LISTPATH = ./list_c/
# makefile (from `Makefile', line 16)
OBJS = $(patsubst $(SRCSPATH)%.c, $(SRCSPATH)%.o, $(SRCS))
# environment
VSCODE_CWD = /
# environment
Apple_PubSub_Socket_Render = /private/tmp/com.apple.launchd.1jJF65bxpf/Render
# environment
PATH = /usr/local/bin:/usr/bin:/bin:/usr/sbin:/sbin:/usr/local/munki:/Library/Frameworks/Mono.framework/Versions/Current/Commands
# environment
LSCOLORS = Gxfxcxdxbxegedabagacad
# makefile (from `Makefile', line 33)
NAME = minishell
# environment
ELECTRON_RUN_AS_NODE = 1
# makefile (from `Makefile', line 12)
AS_TREEPATH = ./as_tree_c/
# default
.FEATURES := target-specific order-only second-expansion else-if archives jobserver check-symlink
# makefile (from `Makefile', line 11)
BS_TREEPATH = ./bs_tree_c/
# environment
LS_COLORS = di=1;36:ln=35:so=32:pi=33:ex=31:bd=34;46:cd=34;43:su=30;41:sg=30;46:tw=30;42:ow=30;43
# environment
SSH_AUTH_SOCK = /private/tmp/com.apple.launchd.a8geequbXT/Listeners
# automatic
%F = $(notdir $%)
# environment
PWD = /Users/tigpetro/Desktop/42cursus/minishell
# environment
ORIGINAL_XDG_CURRENT_DESKTOP = undefined
# makefile (from `Makefile', line 2)
GREEN = \033[1;32m
# environment
VSCODE_AMD_ENTRYPOINT = vs/workbench/api/node/extensionHostProcess
# environment
HOME = /Users/tigpetro
# default
MAKEFILEPATH := /Applications/Xcode.app/Contents/Developer/Makefiles
# environment
VSCODE_CODE_CACHE_PATH = /Users/tigpetro/Library/Application Support/Code/CachedData/abd2f3db4bdb28f9e95536dfa84d8479f1eb312d
# environment
LOGNAME = tigpetro
# environment
APPLICATION_INSIGHTS_NO_DIAGNOSTIC_CHANNEL = true
# makefile (from `Makefile', line 23)
LREADLINE = -Lreadline_local/lib -lreadline
# environment
ZSH = /Users/tigpetro/.oh-my-zsh
# environment
VSCODE_HANDLES_UNCAUGHT_ERRORS = true
# automatic
^D = $(patsubst %/,%,$(dir $^))
# environment
XPC_FLAGS = 0x0
# environment
COLORTERM = truecolor
# default
MAKE = $(MAKE_COMMAND)
# default
MAKECMDGOALS := all
# makefile (from `Makefile', line 15)
SRCS = $(wildcard $(SRCSPATH)*.c)
# environment
SHLVL = 2
# makefile (from `Makefile', line 29)
LIBFT = $(LIBFTPATH)libft.a
# makefile (from `Makefile', line 5)
SKY = \033[1;36m
# makefile (from `Makefile', line 7)
CC = gcc
# default
MAKE_VERSION := 3.81
# environment
USER = tigpetro
# makefile
.DEFAULT_GOAL := all
# environment
TERM_SESSION_ID = w0t0p0:F1F96D19-CE8E-4F50-B346-A6F547534742
# makefile (from `Makefile', line 21)
UNAME = $(shell uname -s)
# makefile (from `Makefile', line 19)
EXECFLAGS = -g -lreadline -lncurses
# environment
LESS = -R
# automatic
%D = $(patsubst %/,%,$(dir $%))
# default
MAKE_COMMAND := /Applications/Xcode.app/Contents/Developer/usr/bin/make
# environment
TERM_PROGRAM = iTerm.app
# default
.VARIABLES := 
# environment
TMPDIR = /var/folders/zz/zyxvpxvq6csfxvn_n000cjk40034cj/T/
# automatic
*F = $(notdir $*)
# environment
VSCODE_IPC_HOOK = /Users/tigpetro/Library/Application Support/Code/1.82-main.sock
# environment
MallocNanoZone = 0
# makefile (from `Makefile', line 1)
RED = \033[1;31m
# makefile
MAKEFLAGS = Rrqp
# environment
MFLAGS = -Rrqp
# automatic
*D = $(patsubst %/,%,$(dir $*))
# environment
TERM_PROGRAM_VERSION = 3.2.5
# environment
XPC_SERVICE_NAME = com.microsoft.VSCode.2476
# automatic
+D = $(patsubst %/,%,$(dir $+))
# makefile (from `Makefile', line 3)
YELLOW = \033[1;33m
# automatic
+F = $(notdir $+)
# environment
ITERM_SESSION_ID = w0t0p0:F1F96D19-CE8E-4F50-B346-A6F547534742
# environment
COLORFGBG = 7;0
# environment
__CF_USER_TEXT_ENCODING = 0x19191:0:0
# environment
COMMAND_MODE = unix2003
# default
MAKEFILES := 
# makefile (from `Makefile', line 8)
SRCSPATH = ./srcs/
# automatic
<F = $(notdir $<)
# environment
ITERM_PROFILE = Default
# makefile (from `Makefile', line 9)
LIBFTPATH = ./libft/
# environment
PAGER = less
# environment
LC_ALL = C
# makefile (from `Makefile', line 4)
RESET = \033[0;37m
# environment
SECURITYSESSIONID = 186a7
# automatic
^F = $(notdir $^)
# default
SUFFIXES := 
# makefile (from `Makefile', line 13)
INCLPATH = ./includes/ $(LIBFTPATH) $(LISTPATH)includes/ $(BS_TREEPATH)includes/ $(AS_TREEPATH)includes/ ./readline_local/include/
# default
.INCLUDE_DIRS = /usr/local/include
# environment
MAKELEVEL := 0
# makefile (from `Makefile', line 30)
LIST = $(LISTPATH)list.a
# environment
LANG = C
# environment
TERM = xterm-256color
# environment
VSCODE_PID = 52140
# variable set hash-table stats:
# Load=97/1024=9%, Rehash=0, Collisions=7/160=4%

# Pattern-specific Variable Values

# No pattern-specific variable values.

# Directories
 

# . (device 16777224, inode 1525108): 14 files, no impossibilities.
# ./srcs (device 16777224, inode 1534168): 42 files, no impossibilities.
# srcs (device 16777224, inode 1534168): 42 files, no impossibilities.

# 98 files, no impossibilities in 3 directories.

# Implicit Rules

srcs/%.o: ./srcs/%.c
#  commands to execute (from `Makefile', line 59):
	@$(CC) $(CFLAGS) -c $< -o $@
	@echo "$(YELLOW) Object files have been created $(RESET)"
	

# 1 implicit rules, 0 (0.0%) terminal.

# Files

# Not a target:
srcs/history.o:
#  Implicit rule search has not been done.
#  Modification time never checked.
#  File has not been updated.

# Not a target:
srcs/signal_utils.o:
#  Implicit rule search has not been done.
#  Modification time never checked.
#  File has not been updated.

config:
#  Phony target (prerequisite of .PHONY).
#  Implicit rule search has not been done.
#  File does not exist.
#  File has not been updated.
#  commands to execute (from `Makefile', line 81):
	mkdir -p readline_local
	./readline_config.sh readline_local
	

all: minishell
#  Phony target (prerequisite of .PHONY).
#  Command-line target.
#  Implicit rule search has not been done.
#  File does not exist.
#  File has been updated.
#  Needs to be updated (-q is set).
# variable set hash-table stats:
# Load=0/32=0%, Rehash=0, Collisions=0/11=0%

# Not a target:
srcs/pwd.o:
#  Implicit rule search has not been done.
#  Modification time never checked.
#  File has not been updated.

.PHONY: all clean fclean re config
#  Implicit rule search has not been done.
#  Modification time never checked.
#  File has not been updated.

# Not a target:
srcs/cd.o:
#  Implicit rule search has not been done.
#  Modification time never checked.
#  File has not been updated.

list_c/list.a:
#  Implicit rule search has not been done.
#  Modification time never checked.
#  File has not been updated.
#  commands to execute (from `Makefile', line 47):
	@make -C $(LISTPATH) all
	@echo "$(YELLOW) Lists object files have been created $(RESET)"
	

# Not a target:
srcs/wildcard_util.o:
#  Implicit rule search has not been done.
#  Modification time never checked.
#  File has not been updated.

# Not a target:
srcs/echo.o:
#  Implicit rule search has not been done.
#  Modification time never checked.
#  File has not been updated.

# Not a target:
srcs/eval.o:
#  Implicit rule search has not been done.
#  Modification time never checked.
#  File has not been updated.

# Not a target:
srcs/check_script.o:
#  Implicit rule search has not been done.
#  Modification time never checked.
#  File has not been updated.

# Not a target:
.SUFFIXES:
#  Implicit rule search has not been done.
#  Modification time never checked.
#  File has not been updated.

# Not a target:
srcs/export.o:
#  Implicit rule search has not been done.
#  Modification time never checked.
#  File has not been updated.

# Not a target:
Makefile:
#  Implicit rule search has been done.
#  Last modified 2024-08-29 16:29:30
#  File has been updated.
#  Successfully updated.
# variable set hash-table stats:
# Load=0/32=0%, Rehash=0, Collisions=0/0=0%

# Not a target:
srcs/clear_shell.o:
#  Implicit rule search has not been done.
#  Modification time never checked.
#  File has not been updated.

# Not a target:
srcs/commands.o:
#  Implicit rule search has not been done.
#  Modification time never checked.
#  File has not been updated.

# Not a target:
srcs/utils.o:
#  Implicit rule search has not been done.
#  Modification time never checked.
#  File has not been updated.

# Not a target:
srcs/init_container.o:
#  Implicit rule search has not been done.
#  Modification time never checked.
#  File has not been updated.

minishell: srcs/access.o srcs/append.o srcs/builtins.o srcs/cd.o srcs/check_script.o srcs/check_syntax.o srcs/clear_shell.o srcs/commands.o srcs/delimitors.o srcs/descriptor.o srcs/echo.o srcs/env.o srcs/eval.o srcs/exec.o srcs/exit.o srcs/export.o srcs/get_path.o srcs/handle_dollar_sign.o srcs/here_doc.o srcs/history.o srcs/init_cmd.o srcs/init_container.o srcs/init_minishell.o srcs/key_utils.o srcs/main.o srcs/merge_input.o srcs/open.o srcs/pwd.o srcs/quotes.o srcs/redirection.o srcs/set.o srcs/signal_interactive.o srcs/signal_noninteractive.o srcs/signal_utils.o srcs/split_with_delimitors.o srcs/status.o srcs/unset.o srcs/utils.o srcs/wildcard_util.o srcs/wilrdcards.o libft/libft.a list_c/list.a bs_tree_c/bs_tree.a as_tree_c/as_tree.a
#  Implicit rule search has not been done.
#  File does not exist.
#  File has been updated.
#  Needs to be updated (-q is set).
# variable set hash-table stats:
# Load=0/32=0%, Rehash=0, Collisions=0/11=0%
#  commands to execute (from `Makefile', line 39):
	@$(CC) $^ $(EXECFLAGS) $(LREADLINE) -o $@
	@echo "$(GREEN) Executable file has been created $(RESET)"
	

# Not a target:
srcs/merge_input.o:
#  Implicit rule search has not been done.
#  Modification time never checked.
#  File has not been updated.

# Not a target:
srcs/split_with_delimitors.o:
#  Implicit rule search has not been done.
#  Modification time never checked.
#  File has not been updated.

# Not a target:
srcs/descriptor.o:
#  Implicit rule search has not been done.
#  Modification time never checked.
#  File has not been updated.

libft/libft.a:
#  Implicit rule search has not been done.
#  Modification time never checked.
#  File has not been updated.
#  commands to execute (from `Makefile', line 43):
	@make -C $(LIBFTPATH) all
	@echo "$(YELLOW) Libfts object files have been created $(RESET)"
	

# Not a target:
srcs/signal_interactive.o:
#  Implicit rule search has not been done.
#  Modification time never checked.
#  File has not been updated.

fclean: clean
#  Phony target (prerequisite of .PHONY).
#  Implicit rule search has not been done.
#  File does not exist.
#  File has not been updated.
#  commands to execute (from `Makefile', line 71):
	@make -C $(LIBFTPATH) fclean
	@make -C $(LISTPATH) fclean
	@make -C $(BS_TREEPATH) fclean
	@make -C $(AS_TREEPATH) fclean
	@rm -f $(NAME)
	@echo "$(RED) Executable file has been deleted $(RESET)"
	

# Not a target:
srcs/exec.o:
#  Implicit rule search has not been done.
#  Modification time never checked.
#  File has not been updated.

# Not a target:
srcs/builtins.o:
#  Implicit rule search has not been done.
#  Modification time never checked.
#  File has not been updated.

# Not a target:
srcs/here_doc.o:
#  Implicit rule search has not been done.
#  Modification time never checked.
#  File has not been updated.

# Not a target:
srcs/delimitors.o:
#  Implicit rule search has not been done.
#  Modification time never checked.
#  File has not been updated.

# Not a target:
srcs/env.o:
#  Implicit rule search has not been done.
#  Modification time never checked.
#  File has not been updated.

# Not a target:
srcs/exit.o:
#  Implicit rule search has not been done.
#  Modification time never checked.
#  File has not been updated.

# Not a target:
.DEFAULT:
#  Implicit rule search has not been done.
#  Modification time never checked.
#  File has not been updated.

srcs/access.o: srcs/access.c
#  Implicit rule search has been done.
#  Implicit/static pattern stem: `access'
#  File does not exist.
#  File has been updated.
#  Needs to be updated (-q is set).
# automatic
# @ := srcs/access.o
# automatic
# % := 
# automatic
# * := access
# automatic
# + := srcs/access.c
# automatic
# | := 
# automatic
# < := srcs/access.c
# automatic
# ^ := srcs/access.c
# automatic
# ? := srcs/access.c
# variable set hash-table stats:
# Load=8/32=25%, Rehash=0, Collisions=3/21=14%
#  commands to execute (from `Makefile', line 59):
	@$(CC) $(CFLAGS) -c $< -o $@
	@echo "$(YELLOW) Object files have been created $(RESET)"
	

re: fclean all
#  Phony target (prerequisite of .PHONY).
#  Implicit rule search has not been done.
#  File does not exist.
#  File has not been updated.

# Not a target:
srcs/status.o:
#  Implicit rule search has not been done.
#  Modification time never checked.
#  File has not been updated.

clean:
#  Phony target (prerequisite of .PHONY).
#  Implicit rule search has not been done.
#  File does not exist.
#  File has not been updated.
 
#  commands to execute (from `Makefile', line 63):
	@make -C $(LIBFTPATH) clean
	@make -C $(LISTPATH) clean
	@make -C $(BS_TREEPATH) clean
	@make -C $(AS_TREEPATH) clean
	@rm -f $(OBJS)
	@echo "$(RED) Object files have been deleted $(RESET)"
	

# Not a target:
srcs/init_minishell.o:
#  Implicit rule search has not been done.
#  Modification time never checked.
#  File has not been updated.

# Not a target:
srcs/key_utils.o:
#  Implicit rule search has not been done.
#  Modification time never checked.
#  File has not been updated.

# Not a target:
srcs/handle_dollar_sign.o:
#  Implicit rule search has not been done.
#  Modification time never checked.
#  File has not been updated.

# Not a target:
srcs/wilrdcards.o:
#  Implicit rule search has not been done.
#  Modification time never checked.
#  File has not been updated.

# Not a target:
srcs/get_path.o:
#  Implicit rule search has not been done.
#  Modification time never checked.
#  File has not been updated.

# Not a target:
srcs/unset.o:
#  Implicit rule search has not been done.
#  Modification time never checked.
#  File has not been updated.

# Not a target:
srcs/append.o:
#  Implicit rule search has not been done.
#  Modification time never checked.
#  File has not been updated.

# Not a target:
srcs/set.o:
#  Implicit rule search has not been done.
#  Modification time never checked.
#  File has not been updated.

# Not a target:
srcs/init_cmd.o:
#  Implicit rule search has not been done.
#  Modification time never checked.
#  File has not been updated.

# Not a target:
srcs/check_syntax.o:
#  Implicit rule search has not been done.
#  Modification time never checked.
#  File has not been updated.

# Not a target:
srcs/open.o:
#  Implicit rule search has not been done.
#  Modification time never checked.
#  File has not been updated.

as_tree_c/as_tree.a:
#  Implicit rule search has not been done.
#  Modification time never checked.
#  File has not been updated.
#  commands to execute (from `Makefile', line 55):
	@make -C $(AS_TREEPATH) all
	@echo "$(YELLOW) Abstract syntax trees object files have been created $(RESET)"
	

# Not a target:
srcs/redirection.o:
#  Implicit rule search has not been done.
#  Modification time never checked.
#  File has not been updated.

# Not a target:
srcs/main.o:
#  Implicit rule search has not been done.
#  Modification time never checked.
#  File has not been updated.

# Not a target:
srcs/signal_noninteractive.o:
#  Implicit rule search has not been done.
#  Modification time never checked.
#  File has not been updated.

bs_tree_c/bs_tree.a:
#  Implicit rule search has not been done.
#  Modification time never checked.
#  File has not been updated.
#  commands to execute (from `Makefile', line 51):
	@make -C $(BS_TREEPATH) all
	@echo "$(YELLOW) Binary search trees object files have been created $(RESET)"
	

# Not a target:
srcs/access.c:
#  Implicit rule search has been done.
#  Last modified 2024-08-28 15:46:02
#  File has been updated.
#  Successfully updated.
# variable set hash-table stats:
# Load=0/32=0%, Rehash=0, Collisions=0/0=0%

# Not a target:
srcs/quotes.o:
#  Implicit rule search has not been done.
#  Modification time never checked.
#  File has not been updated.

# files hash-table stats:
# Load=55/1024=5%, Rehash=0, Collisions=0/124=0%
# VPATH Search Paths

# No `vpath' search paths.

# No general (`VPATH' variable) search path.

# # of strings in strcache: 1
# # of strcache buffers: 1
# strcache size: total = 4096 / max = 4096 / min = 4096 / avg = 4096
# strcache free: total = 4087 / max = 4087 / min = 4087 / avg = 4087

# Finished Make data base on Sat Aug 31 19:24:02 2024

 
